2017-08-25 09:30:17,832 [INFO] from application in ForkJoinPool-1-worker-1 - ApplicationTimer demo: Starting application at 2017-08-25T15:30:17.831Z
2017-08-25 09:30:17,989 [INFO] from play.api.Play in ForkJoinPool-1-worker-1 - Application started (Dev)
2017-08-25 09:30:26,107 [INFO] from application in pool-4-thread-8 - ApplicationTimer demo: Stopping application at 2017-08-25T15:30:26.107Z after 9s.
2017-08-25 13:52:16,922 [INFO] from application in pool-1-thread-1 - Creating Pool for datasource 'default'
2017-08-25 13:52:17,286 [INFO] from application in pool-1-thread-1 - ApplicationTimer demo: Starting application at 2017-08-25T19:52:17.286Z
2017-08-25 13:52:19,346 [INFO] from application in pool-1-thread-1 - ApplicationTimer demo: Stopping application at 2017-08-25T19:52:19.346Z after 2s.
2017-08-25 13:52:19,346 [INFO] from application in pool-1-thread-1 - Shutting down connection pool.
2017-08-25 13:54:12,451 [INFO] from application in pool-1-thread-1 - Creating Pool for datasource 'default'
2017-08-25 13:54:12,840 [INFO] from application in pool-1-thread-1 - ApplicationTimer demo: Starting application at 2017-08-25T19:54:12.839Z
2017-08-25 13:54:14,672 [INFO] from application in pool-1-thread-1 - ApplicationTimer demo: Stopping application at 2017-08-25T19:54:14.671Z after 2s.
2017-08-25 13:54:14,673 [INFO] from application in pool-1-thread-1 - Shutting down connection pool.
2017-08-25 13:54:54,055 [INFO] from application in pool-1-thread-1 - Creating Pool for datasource 'default'
2017-08-25 13:54:54,498 [INFO] from application in pool-1-thread-1 - ApplicationTimer demo: Starting application at 2017-08-25T19:54:54.497Z
2017-08-25 13:54:56,406 [INFO] from application in pool-1-thread-1 - ApplicationTimer demo: Stopping application at 2017-08-25T19:54:56.406Z after 2s.
2017-08-25 13:54:56,409 [INFO] from application in pool-1-thread-1 - Shutting down connection pool.
2017-08-25 13:56:28,409 [INFO] from application in pool-1-thread-1 - Creating Pool for datasource 'default'
2017-08-25 13:56:28,791 [INFO] from application in pool-1-thread-1 - ApplicationTimer demo: Starting application at 2017-08-25T19:56:28.791Z
2017-08-25 13:56:30,482 [INFO] from application in pool-1-thread-1 - ApplicationTimer demo: Stopping application at 2017-08-25T19:56:30.482Z after 2s.
2017-08-25 13:56:30,483 [INFO] from application in pool-1-thread-1 - Shutting down connection pool.
2017-08-25 13:58:40,560 [INFO] from application in pool-1-thread-1 - Creating Pool for datasource 'default'
2017-08-25 13:58:41,002 [INFO] from application in pool-1-thread-1 - ApplicationTimer demo: Starting application at 2017-08-25T19:58:41.001Z
2017-08-25 13:58:43,033 [INFO] from application in pool-1-thread-1 - ApplicationTimer demo: Stopping application at 2017-08-25T19:58:43.033Z after 2s.
2017-08-25 13:58:43,035 [INFO] from application in pool-1-thread-1 - Shutting down connection pool.
